Analysis & Synthesis report for datapath
Fri Mar 03 15:17:49 2023
Quartus II 32-bit Version 13.1.0 Build 162 10/23/2013 SJ Web Edition


---------------------
; Table of Contents ;
---------------------
  1. Legal Notice
  2. Analysis & Synthesis Summary
  3. Analysis & Synthesis Settings
  4. Parallel Compilation
  5. Analysis & Synthesis Source Files Read
  6. Analysis & Synthesis Resource Usage Summary
  7. Analysis & Synthesis Resource Utilization by Entity
  8. General Register Statistics
  9. Port Connectivity Checks: "mux_2_1:\for_mux_2_1:7:l_mux_2_1"
 10. Port Connectivity Checks: "mux_2_1:\for_mux_2_1:6:l_mux_2_1"
 11. Port Connectivity Checks: "mux_2_1:\for_mux_2_1:5:l_mux_2_1"
 12. Port Connectivity Checks: "mux_2_1:\for_mux_2_1:4:l_mux_2_1"
 13. Port Connectivity Checks: "mux_2_1:\for_mux_2_1:3:l_mux_2_1"
 14. Port Connectivity Checks: "mux_2_1:\for_mux_2_1:2:l_mux_2_1"
 15. Port Connectivity Checks: "mux_2_1:\for_mux_2_1:1:l_mux_2_1"
 16. Port Connectivity Checks: "mux_2_1:\for_mux_2_1:0:l_mux_2_1"
 17. Elapsed Time Per Partition
 18. Analysis & Synthesis Messages



----------------
; Legal Notice ;
----------------
Copyright (C) 1991-2013 Altera Corporation
Your use of Altera Corporation's design tools, logic functions 
and other software and tools, and its AMPP partner logic 
functions, and any output files from any of the foregoing 
(including device programming or simulation files), and any 
associated documentation or information are expressly subject 
to the terms and conditions of the Altera Program License 
Subscription Agreement, Altera MegaCore Function License 
Agreement, or other applicable license agreement, including, 
without limitation, that your use is for the sole purpose of 
programming logic devices manufactured by Altera and sold by 
Altera or its authorized distributors.  Please refer to the 
applicable agreement for further details.



+---------------------------------------------------------------------------------+
; Analysis & Synthesis Summary                                                    ;
+------------------------------------+--------------------------------------------+
; Analysis & Synthesis Status        ; Successful - Fri Mar 03 15:17:49 2023      ;
; Quartus II 32-bit Version          ; 13.1.0 Build 162 10/23/2013 SJ Web Edition ;
; Revision Name                      ; datapath                                   ;
; Top-level Entity Name              ; datapath                                   ;
; Family                             ; Cyclone IV GX                              ;
; Total logic elements               ; 64                                         ;
;     Total combinational functions  ; 64                                         ;
;     Dedicated logic registers      ; 64                                         ;
; Total registers                    ; 64                                         ;
; Total pins                         ; 103                                        ;
; Total virtual pins                 ; 0                                          ;
; Total memory bits                  ; 0                                          ;
; Embedded Multiplier 9-bit elements ; 0                                          ;
; Total GXB Receiver Channel PCS     ; 0                                          ;
; Total GXB Receiver Channel PMA     ; 0                                          ;
; Total GXB Transmitter Channel PCS  ; 0                                          ;
; Total GXB Transmitter Channel PMA  ; 0                                          ;
; Total PLLs                         ; 0                                          ;
+------------------------------------+--------------------------------------------+


+----------------------------------------------------------------------------------------------------------------------+
; Analysis & Synthesis Settings                                                                                        ;
+----------------------------------------------------------------------------+--------------------+--------------------+
; Option                                                                     ; Setting            ; Default Value      ;
+----------------------------------------------------------------------------+--------------------+--------------------+
; Top-level entity name                                                      ; datapath           ; datapath           ;
; Family name                                                                ; Cyclone IV GX      ; Cyclone IV GX      ;
; Use smart compilation                                                      ; Off                ; Off                ;
; Enable parallel Assembler and TimeQuest Timing Analyzer during compilation ; On                 ; On                 ;
; Enable compact report table                                                ; Off                ; Off                ;
; Restructure Multiplexers                                                   ; Auto               ; Auto               ;
; Create Debugging Nodes for IP Cores                                        ; Off                ; Off                ;
; Preserve fewer node names                                                  ; On                 ; On                 ;
; Disable OpenCore Plus hardware evaluation                                  ; Off                ; Off                ;
; Verilog Version                                                            ; Verilog_2001       ; Verilog_2001       ;
; VHDL Version                                                               ; VHDL_1993          ; VHDL_1993          ;
; State Machine Processing                                                   ; Auto               ; Auto               ;
; Safe State Machine                                                         ; Off                ; Off                ;
; Extract Verilog State Machines                                             ; On                 ; On                 ;
; Extract VHDL State Machines                                                ; On                 ; On                 ;
; Ignore Verilog initial constructs                                          ; Off                ; Off                ;
; Iteration limit for constant Verilog loops                                 ; 5000               ; 5000               ;
; Iteration limit for non-constant Verilog loops                             ; 250                ; 250                ;
; Add Pass-Through Logic to Inferred RAMs                                    ; On                 ; On                 ;
; Infer RAMs from Raw Logic                                                  ; On                 ; On                 ;
; Parallel Synthesis                                                         ; On                 ; On                 ;
; DSP Block Balancing                                                        ; Auto               ; Auto               ;
; NOT Gate Push-Back                                                         ; On                 ; On                 ;
; Power-Up Don't Care                                                        ; On                 ; On                 ;
; Remove Redundant Logic Cells                                               ; Off                ; Off                ;
; Remove Duplicate Registers                                                 ; On                 ; On                 ;
; Ignore CARRY Buffers                                                       ; Off                ; Off                ;
; Ignore CASCADE Buffers                                                     ; Off                ; Off                ;
; Ignore GLOBAL Buffers                                                      ; Off                ; Off                ;
; Ignore ROW GLOBAL Buffers                                                  ; Off                ; Off                ;
; Ignore LCELL Buffers                                                       ; Off                ; Off                ;
; Ignore SOFT Buffers                                                        ; On                 ; On                 ;
; Limit AHDL Integers to 32 Bits                                             ; Off                ; Off                ;
; Optimization Technique                                                     ; Balanced           ; Balanced           ;
; Carry Chain Length                                                         ; 70                 ; 70                 ;
; Auto Carry Chains                                                          ; On                 ; On                 ;
; Auto Open-Drain Pins                                                       ; On                 ; On                 ;
; Perform WYSIWYG Primitive Resynthesis                                      ; Off                ; Off                ;
; Auto ROM Replacement                                                       ; On                 ; On                 ;
; Auto RAM Replacement                                                       ; On                 ; On                 ;
; Auto DSP Block Replacement                                                 ; On                 ; On                 ;
; Auto Shift Register Replacement                                            ; Auto               ; Auto               ;
; Allow Shift Register Merging across Hierarchies                            ; Auto               ; Auto               ;
; Auto Clock Enable Replacement                                              ; On                 ; On                 ;
; Strict RAM Replacement                                                     ; Off                ; Off                ;
; Allow Synchronous Control Signals                                          ; On                 ; On                 ;
; Force Use of Synchronous Clear Signals                                     ; Off                ; Off                ;
; Auto RAM Block Balancing                                                   ; On                 ; On                 ;
; Auto RAM to Logic Cell Conversion                                          ; Off                ; Off                ;
; Auto Resource Sharing                                                      ; Off                ; Off                ;
; Allow Any RAM Size For Recognition                                         ; Off                ; Off                ;
; Allow Any ROM Size For Recognition                                         ; Off                ; Off                ;
; Allow Any Shift Register Size For Recognition                              ; Off                ; Off                ;
; Use LogicLock Constraints during Resource Balancing                        ; On                 ; On                 ;
; Ignore translate_off and synthesis_off directives                          ; Off                ; Off                ;
; Timing-Driven Synthesis                                                    ; On                 ; On                 ;
; Report Parameter Settings                                                  ; On                 ; On                 ;
; Report Source Assignments                                                  ; On                 ; On                 ;
; Report Connectivity Checks                                                 ; On                 ; On                 ;
; Ignore Maximum Fan-Out Assignments                                         ; Off                ; Off                ;
; Synchronization Register Chain Length                                      ; 2                  ; 2                  ;
; PowerPlay Power Optimization                                               ; Normal compilation ; Normal compilation ;
; HDL message level                                                          ; Level2             ; Level2             ;
; Suppress Register Optimization Related Messages                            ; Off                ; Off                ;
; Number of Removed Registers Reported in Synthesis Report                   ; 5000               ; 5000               ;
; Number of Swept Nodes Reported in Synthesis Report                         ; 5000               ; 5000               ;
; Number of Inverted Registers Reported in Synthesis Report                  ; 100                ; 100                ;
; Clock MUX Protection                                                       ; On                 ; On                 ;
; Auto Gated Clock Conversion                                                ; Off                ; Off                ;
; Block Design Naming                                                        ; Auto               ; Auto               ;
; SDC constraint protection                                                  ; Off                ; Off                ;
; Synthesis Effort                                                           ; Auto               ; Auto               ;
; Shift Register Replacement - Allow Asynchronous Clear Signal               ; On                 ; On                 ;
; Pre-Mapping Resynthesis Optimization                                       ; Off                ; Off                ;
; Analysis & Synthesis Message Level                                         ; Medium             ; Medium             ;
; Disable Register Merging Across Hierarchies                                ; Auto               ; Auto               ;
; Resource Aware Inference For Block RAM                                     ; On                 ; On                 ;
; Synthesis Seed                                                             ; 1                  ; 1                  ;
+----------------------------------------------------------------------------+--------------------+--------------------+


Parallel compilation was disabled, but you have multiple processors available. Enable parallel compilation to reduce compilation time.
+-------------------------------------+
; Parallel Compilation                ;
+----------------------------+--------+
; Processors                 ; Number ;
+----------------------------+--------+
; Number detected on machine ; 4      ;
; Maximum allowed            ; 1      ;
+----------------------------+--------+


+------------------------------------------------------------------------------------------------------------------------------------+
; Analysis & Synthesis Source Files Read                                                                                             ;
+----------------------------------+-----------------+-----------------+---------------------------------------------------+---------+
; File Name with User-Entered Path ; Used in Netlist ; File Type       ; File Name with Absolute Path                      ; Library ;
+----------------------------------+-----------------+-----------------+---------------------------------------------------+---------+
; utils.vhd                        ; yes             ; User VHDL File  ; C:/Users/leonardo/Desktop/sda/SDA/utils.vhd       ;         ;
; datapath.vhd                     ; yes             ; User VHDL File  ; C:/Users/leonardo/Desktop/sda/SDA/datapath.vhd    ;         ;
; mux_2_1.vhd                      ; yes             ; User VHDL File  ; C:/Users/leonardo/Desktop/sda/SDA/mux_2_1.vhd     ;         ;
; registrador.vhd                  ; yes             ; User VHDL File  ; C:/Users/leonardo/Desktop/sda/SDA/registrador.vhd ;         ;
+----------------------------------+-----------------+-----------------+---------------------------------------------------+---------+


+---------------------------------------------+
; Analysis & Synthesis Resource Usage Summary ;
+--------------------------+------------------+
; Resource                 ; Usage            ;
+--------------------------+------------------+
; I/O pins                 ; 103              ;
; DSP block 9-bit elements ; 0                ;
; Maximum fan-out node     ; clock~input      ;
; Maximum fan-out          ; 64               ;
; Total fan-out            ; 551              ;
; Average fan-out          ; 1.65             ;
+--------------------------+------------------+


+---------------------------------------------------------------------------------------------------------------------------------------------------------------------------------------------------------------------------+
; Analysis & Synthesis Resource Utilization by Entity                                                                                                                                                                       ;
+---------------------------------------+-------------------+--------------+-------------+--------------+---------+-----------+-----------+------+--------------+--------------------------------------------+--------------+
; Compilation Hierarchy Node            ; LC Combinationals ; LC Registers ; Memory Bits ; DSP Elements ; DSP 9x9 ; DSP 18x18 ; DSP 36x36 ; Pins ; Virtual Pins ; Full Hierarchy Name                        ; Library Name ;
+---------------------------------------+-------------------+--------------+-------------+--------------+---------+-----------+-----------+------+--------------+--------------------------------------------+--------------+
; |datapath                             ; 64 (0)            ; 64 (0)       ; 0           ; 0            ; 0       ; 0         ; 0         ; 103  ; 0            ; |datapath                                  ; work         ;
;    |mux_2_1:\for_mux_2_1:0:l_mux_2_1| ; 8 (8)             ; 0 (0)        ; 0           ; 0            ; 0       ; 0         ; 0         ; 0    ; 0            ; |datapath|mux_2_1:\for_mux_2_1:0:l_mux_2_1 ; work         ;
;    |mux_2_1:\for_mux_2_1:1:l_mux_2_1| ; 8 (8)             ; 0 (0)        ; 0           ; 0            ; 0       ; 0         ; 0         ; 0    ; 0            ; |datapath|mux_2_1:\for_mux_2_1:1:l_mux_2_1 ; work         ;
;    |mux_2_1:\for_mux_2_1:2:l_mux_2_1| ; 8 (8)             ; 0 (0)        ; 0           ; 0            ; 0       ; 0         ; 0         ; 0    ; 0            ; |datapath|mux_2_1:\for_mux_2_1:2:l_mux_2_1 ; work         ;
;    |mux_2_1:\for_mux_2_1:3:l_mux_2_1| ; 8 (8)             ; 0 (0)        ; 0           ; 0            ; 0       ; 0         ; 0         ; 0    ; 0            ; |datapath|mux_2_1:\for_mux_2_1:3:l_mux_2_1 ; work         ;
;    |mux_2_1:\for_mux_2_1:4:l_mux_2_1| ; 8 (8)             ; 0 (0)        ; 0           ; 0            ; 0       ; 0         ; 0         ; 0    ; 0            ; |datapath|mux_2_1:\for_mux_2_1:4:l_mux_2_1 ; work         ;
;    |mux_2_1:\for_mux_2_1:5:l_mux_2_1| ; 8 (8)             ; 0 (0)        ; 0           ; 0            ; 0       ; 0         ; 0         ; 0    ; 0            ; |datapath|mux_2_1:\for_mux_2_1:5:l_mux_2_1 ; work         ;
;    |mux_2_1:\for_mux_2_1:6:l_mux_2_1| ; 8 (8)             ; 0 (0)        ; 0           ; 0            ; 0       ; 0         ; 0         ; 0    ; 0            ; |datapath|mux_2_1:\for_mux_2_1:6:l_mux_2_1 ; work         ;
;    |mux_2_1:\for_mux_2_1:7:l_mux_2_1| ; 8 (8)             ; 0 (0)        ; 0           ; 0            ; 0       ; 0         ; 0         ; 0    ; 0            ; |datapath|mux_2_1:\for_mux_2_1:7:l_mux_2_1 ; work         ;
;    |registrador:\for_regs:0:regs|     ; 0 (0)             ; 8 (8)        ; 0           ; 0            ; 0       ; 0         ; 0         ; 0    ; 0            ; |datapath|registrador:\for_regs:0:regs     ; work         ;
;    |registrador:\for_regs:1:regs|     ; 0 (0)             ; 8 (8)        ; 0           ; 0            ; 0       ; 0         ; 0         ; 0    ; 0            ; |datapath|registrador:\for_regs:1:regs     ; work         ;
;    |registrador:\for_regs:2:regs|     ; 0 (0)             ; 8 (8)        ; 0           ; 0            ; 0       ; 0         ; 0         ; 0    ; 0            ; |datapath|registrador:\for_regs:2:regs     ; work         ;
;    |registrador:\for_regs:3:regs|     ; 0 (0)             ; 8 (8)        ; 0           ; 0            ; 0       ; 0         ; 0         ; 0    ; 0            ; |datapath|registrador:\for_regs:3:regs     ; work         ;
;    |registrador:\for_regs:4:regs|     ; 0 (0)             ; 8 (8)        ; 0           ; 0            ; 0       ; 0         ; 0         ; 0    ; 0            ; |datapath|registrador:\for_regs:4:regs     ; work         ;
;    |registrador:\for_regs:5:regs|     ; 0 (0)             ; 8 (8)        ; 0           ; 0            ; 0       ; 0         ; 0         ; 0    ; 0            ; |datapath|registrador:\for_regs:5:regs     ; work         ;
;    |registrador:\for_regs:6:regs|     ; 0 (0)             ; 8 (8)        ; 0           ; 0            ; 0       ; 0         ; 0         ; 0    ; 0            ; |datapath|registrador:\for_regs:6:regs     ; work         ;
;    |registrador:\for_regs:7:regs|     ; 0 (0)             ; 8 (8)        ; 0           ; 0            ; 0       ; 0         ; 0         ; 0    ; 0            ; |datapath|registrador:\for_regs:7:regs     ; work         ;
+---------------------------------------+-------------------+--------------+-------------+--------------+---------+-----------+-----------+------+--------------+--------------------------------------------+--------------+
Note: For table entries with two numbers listed, the numbers in parentheses indicate the number of resources of the given type used by the specific entity alone. The numbers listed outside of parentheses indicate the total resources of the given type used by the specific entity and all of its sub-entities in the hierarchy.


+------------------------------------------------------+
; General Register Statistics                          ;
+----------------------------------------------+-------+
; Statistic                                    ; Value ;
+----------------------------------------------+-------+
; Total registers                              ; 64    ;
; Number of registers using Synchronous Clear  ; 0     ;
; Number of registers using Synchronous Load   ; 0     ;
; Number of registers using Asynchronous Clear ; 64    ;
; Number of registers using Asynchronous Load  ; 0     ;
; Number of registers using Clock Enable       ; 64    ;
; Number of registers using Preset             ; 0     ;
+----------------------------------------------+-------+


+--------------------------------------------------------------+
; Port Connectivity Checks: "mux_2_1:\for_mux_2_1:7:l_mux_2_1" ;
+------+-------+----------+------------------------------------+
; Port ; Type  ; Severity ; Details                            ;
+------+-------+----------+------------------------------------+
; in_1 ; Input ; Info     ; Stuck at VCC                       ;
+------+-------+----------+------------------------------------+


+--------------------------------------------------------------+
; Port Connectivity Checks: "mux_2_1:\for_mux_2_1:6:l_mux_2_1" ;
+------+-------+----------+------------------------------------+
; Port ; Type  ; Severity ; Details                            ;
+------+-------+----------+------------------------------------+
; in_1 ; Input ; Info     ; Stuck at VCC                       ;
+------+-------+----------+------------------------------------+


+--------------------------------------------------------------+
; Port Connectivity Checks: "mux_2_1:\for_mux_2_1:5:l_mux_2_1" ;
+------+-------+----------+------------------------------------+
; Port ; Type  ; Severity ; Details                            ;
+------+-------+----------+------------------------------------+
; in_1 ; Input ; Info     ; Stuck at VCC                       ;
+------+-------+----------+------------------------------------+


+--------------------------------------------------------------+
; Port Connectivity Checks: "mux_2_1:\for_mux_2_1:4:l_mux_2_1" ;
+------+-------+----------+------------------------------------+
; Port ; Type  ; Severity ; Details                            ;
+------+-------+----------+------------------------------------+
; in_1 ; Input ; Info     ; Stuck at VCC                       ;
+------+-------+----------+------------------------------------+


+--------------------------------------------------------------+
; Port Connectivity Checks: "mux_2_1:\for_mux_2_1:3:l_mux_2_1" ;
+------+-------+----------+------------------------------------+
; Port ; Type  ; Severity ; Details                            ;
+------+-------+----------+------------------------------------+
; in_1 ; Input ; Info     ; Stuck at VCC                       ;
+------+-------+----------+------------------------------------+


+--------------------------------------------------------------+
; Port Connectivity Checks: "mux_2_1:\for_mux_2_1:2:l_mux_2_1" ;
+------+-------+----------+------------------------------------+
; Port ; Type  ; Severity ; Details                            ;
+------+-------+----------+------------------------------------+
; in_1 ; Input ; Info     ; Stuck at VCC                       ;
+------+-------+----------+------------------------------------+


+--------------------------------------------------------------+
; Port Connectivity Checks: "mux_2_1:\for_mux_2_1:1:l_mux_2_1" ;
+------+-------+----------+------------------------------------+
; Port ; Type  ; Severity ; Details                            ;
+------+-------+----------+------------------------------------+
; in_1 ; Input ; Info     ; Stuck at VCC                       ;
+------+-------+----------+------------------------------------+


+--------------------------------------------------------------+
; Port Connectivity Checks: "mux_2_1:\for_mux_2_1:0:l_mux_2_1" ;
+------+-------+----------+------------------------------------+
; Port ; Type  ; Severity ; Details                            ;
+------+-------+----------+------------------------------------+
; in_1 ; Input ; Info     ; Stuck at VCC                       ;
+------+-------+----------+------------------------------------+


+-------------------------------+
; Elapsed Time Per Partition    ;
+----------------+--------------+
; Partition Name ; Elapsed Time ;
+----------------+--------------+
; Top            ; 00:00:00     ;
+----------------+--------------+


+-------------------------------+
; Analysis & Synthesis Messages ;
+-------------------------------+
Info: *******************************************************************
Info: Running Quartus II 32-bit Analysis & Synthesis
    Info: Version 13.1.0 Build 162 10/23/2013 SJ Web Edition
    Info: Processing started: Fri Mar 03 15:17:45 2023
Info: Command: quartus_map --read_settings_files=on --write_settings_files=off datapath -c datapath
Warning (20028): Parallel compilation is not licensed and has been disabled
Info (12021): Found 2 design units, including 1 entities, in source file somador_4b.vhd
    Info (12022): Found design unit 1: somador_4b-arq_somador_4b
    Info (12023): Found entity 1: somador_4b
Info (12021): Found 2 design units, including 1 entities, in source file fa.vhd
    Info (12022): Found design unit 1: FA-arq_FA
    Info (12023): Found entity 1: FA
Info (12021): Found 1 design units, including 0 entities, in source file utils.vhd
    Info (12022): Found design unit 1: utils
Info (12021): Found 2 design units, including 1 entities, in source file mux_8_1.vhd
    Info (12022): Found design unit 1: mux_8_1-behavior
    Info (12023): Found entity 1: mux_8_1
Info (12021): Found 2 design units, including 1 entities, in source file datapath.vhd
    Info (12022): Found design unit 1: datapath-behavior
    Info (12023): Found entity 1: datapath
Info (12021): Found 2 design units, including 1 entities, in source file mux_2_1.vhd
    Info (12022): Found design unit 1: mux_2_1-behavior
    Info (12023): Found entity 1: mux_2_1
Info (12021): Found 2 design units, including 1 entities, in source file registrador.vhd
    Info (12022): Found design unit 1: registrador-behavior
    Info (12023): Found entity 1: registrador
Info (12021): Found 2 design units, including 1 entities, in source file ula1.vhd
    Info (12022): Found design unit 1: ula1-behavior
    Info (12023): Found entity 1: ula1
Info (12021): Found 2 design units, including 1 entities, in source file somador_completo.vhd
    Info (12022): Found design unit 1: somador_completo-behavior
    Info (12023): Found entity 1: somador_completo
Info (12021): Found 2 design units, including 1 entities, in source file somador.vhd
    Info (12022): Found design unit 1: somador-behavior
    Info (12023): Found entity 1: somador
Info (12021): Found 2 design units, including 1 entities, in source file comparador.vhd
    Info (12022): Found design unit 1: comparador-behavior
    Info (12023): Found entity 1: comparador
Info (12021): Found 2 design units, including 1 entities, in source file teste.vhd
    Info (12022): Found design unit 1: teste-behavior
    Info (12023): Found entity 1: teste
Info (12127): Elaborating entity "datapath" for the top level hierarchy
Info (12128): Elaborating entity "mux_2_1" for hierarchy "mux_2_1:\for_mux_2_1:0:l_mux_2_1"
Info (10041): Inferred latch for "saida[0]" at mux_2_1.vhd(18)
Info (10041): Inferred latch for "saida[1]" at mux_2_1.vhd(18)
Info (10041): Inferred latch for "saida[2]" at mux_2_1.vhd(18)
Info (10041): Inferred latch for "saida[3]" at mux_2_1.vhd(18)
Info (10041): Inferred latch for "saida[4]" at mux_2_1.vhd(18)
Info (10041): Inferred latch for "saida[5]" at mux_2_1.vhd(18)
Info (10041): Inferred latch for "saida[6]" at mux_2_1.vhd(18)
Info (10041): Inferred latch for "saida[7]" at mux_2_1.vhd(18)
Info (12128): Elaborating entity "registrador" for hierarchy "registrador:\for_regs:0:regs"
Info (286030): Timing-Driven Synthesis is running
Info (16010): Generating hard_block partition "hard_block:auto_generated_inst"
    Info (16011): Adding 0 node(s), including 0 DDIO, 0 PLL, 0 transceiver and 0 LCELL
Warning (21074): Design contains 13 input pin(s) that do not drive logic
    Warning (15610): No output dependent on input pin "c[16]"
    Warning (15610): No output dependent on input pin "c[17]"
    Warning (15610): No output dependent on input pin "c[18]"
    Warning (15610): No output dependent on input pin "c[19]"
    Warning (15610): No output dependent on input pin "c[20]"
    Warning (15610): No output dependent on input pin "c[21]"
    Warning (15610): No output dependent on input pin "c[22]"
    Warning (15610): No output dependent on input pin "c[23]"
    Warning (15610): No output dependent on input pin "c[24]"
    Warning (15610): No output dependent on input pin "c[25]"
    Warning (15610): No output dependent on input pin "c[26]"
    Warning (15610): No output dependent on input pin "c[27]"
    Warning (15610): No output dependent on input pin "c[28]"
Info (21057): Implemented 167 device resources after synthesis - the final resource count might be different
    Info (21058): Implemented 39 input pins
    Info (21059): Implemented 64 output pins
    Info (21061): Implemented 64 logic cells
Info: Quartus II 32-bit Analysis & Synthesis was successful. 0 errors, 15 warnings
    Info: Peak virtual memory: 440 megabytes
    Info: Processing ended: Fri Mar 03 15:17:50 2023
    Info: Elapsed time: 00:00:05
    Info: Total CPU time (on all processors): 00:00:03


